<?xml version="1.0" encoding="UTF-8" ?>
<testsuite failures="0" time="10.388" errors="0" skipped="0" tests="2" name="com.bizintelapps.mail.EmailServiceTest">
  <properties>
    <property name="java.vendor" value="Sun Microsystems Inc."/>
    <property name="localRepository" value="C:\Users\intesar\.m2\repository"/>
    <property name="sun.java.launcher" value="SUN_STANDARD"/>
    <property name="sun.management.compiler" value="HotSpot Client Compiler"/>
    <property name="env.PROMPT" value="$P$G"/>
    <property name="os.name" value="Windows Vista"/>
    <property name="env.FP_NO_HOST_CHECK" value="NO"/>
    <property name="sun.boot.class.path" value="C:\Program Files\Java\jdk1.6.0_10\jre\lib\resources.jar;C:\Program Files\Java\jdk1.6.0_10\jre\lib\rt.jar;C:\Program Files\Java\jdk1.6.0_10\jre\lib\sunrsasign.jar;C:\Program Files\Java\jdk1.6.0_10\jre\lib\jsse.jar;C:\Program Files\Java\jdk1.6.0_10\jre\lib\jce.jar;C:\Program Files\Java\jdk1.6.0_10\jre\lib\charsets.jar;C:\Program Files\Java\jdk1.6.0_10\jre\classes"/>
    <property name="env.COMPUTERNAME" value="INTESAR-PC"/>
    <property name="env.ALLUSERSPROFILE" value="C:\ProgramData"/>
    <property name="sun.desktop" value="windows"/>
    <property name="java.vm.specification.vendor" value="Sun Microsystems Inc."/>
    <property name="java.runtime.version" value="1.6.0_10-rc2-b32"/>
    <property name="env.HOMEPATH" value="\Users\intesar"/>
    <property name="user.name" value="intesar"/>
    <property name="env.QTJAVA" value="C:\Program Files\Java\jre1.6.0\lib\ext\QTJava.zip"/>
    <property name="user.language" value="en"/>
    <property name="sun.boot.library.path" value="C:\Program Files\Java\jdk1.6.0_10\jre\bin"/>
    <property name="java.version" value="1.6.0_10-rc2"/>
    <property name="env.PROCESSOR_IDENTIFIER" value="x86 Family 6 Model 15 Stepping 10, GenuineIntel"/>
    <property name="user.timezone" value="America/New_York"/>
    <property name="env.TEMP" value="C:\Users\intesar\AppData\Local\Temp"/>
    <property name="sun.arch.data.model" value="32"/>
    <property name="org.netbeans.modules.tomcat.autoregister.token" value="1223502364524"/>
    <property name="env.APR_ICONV_PATH" value="C:\Program Files\Subversion\iconv"/>
    <property name="http.nonProxyHosts" value="localhost|127.0.0.1|intesar-PC"/>
    <property name="java.endorsed.dirs" value="C:\Program Files\Java\jdk1.6.0_10\jre\lib\endorsed"/>
    <property name="com.sun.aas.installRoot" value="C:\Program Files\glassfish-v2ur2"/>
    <property name="sun.cpu.isalist" value="pentium_pro+mmx pentium_pro pentium+mmx pentium i486 i386 i86"/>
    <property name="env.HOMEDRIVE" value="C:"/>
    <property name="sun.jnu.encoding" value="Cp1252"/>
    <property name="file.encoding.pkg" value="sun.io"/>
    <property name="file.separator" value="\"/>
    <property name="java.specification.name" value="Java Platform API Specification"/>
    <property name="java.class.version" value="50.0"/>
    <property name="user.country" value="US"/>
    <property name="java.home" value="C:\Program Files\Java\jdk1.6.0_10\jre"/>
    <property name="env.APPDATA" value="C:\Users\intesar\AppData\Roaming"/>
    <property name="env.PUBLIC" value="C:\Users\Public"/>
    <property name="java.vm.info" value="mixed mode"/>
    <property name="env.ComSpec" value="C:\Windows\system32\cmd.exe"/>
    <property name="env.OS" value="Windows_NT"/>
    <property name="env.CommonProgramFiles" value="C:\Program Files\Common Files"/>
    <property name="os.version" value="6.0"/>
    <property name="netbeans.system_http_proxy" value="DIRECT"/>
    <property name="https.nonProxyHosts" value="localhost|127.0.0.1|intesar-PC"/>
    <property name="sun.awt.keepWorkingSetOnMinimize" value="true"/>
    <property name="path.separator" value=";"/>
    <property name="java.vm.version" value="11.0-b15"/>
    <property name="env.USERPROFILE" value="C:\Users\intesar"/>
    <property name="user.variant" value=""/>
    <property name="env.JAVA_HOME" value="C:\Program Files\Java\jdk1.6.0_10"/>
    <property name="java.awt.printerjob" value="sun.awt.windows.WPrinterJob"/>
    <property name="env.TMP" value="C:\Users\intesar\AppData\Local\Temp"/>
    <property name="sun.io.unicode.encoding" value="UnicodeLittle"/>
    <property name="awt.toolkit" value="sun.awt.windows.WToolkit"/>
    <property name="user.home" value="C:\Users\intesar"/>
    <property name="env.ProgramData" value="C:\ProgramData"/>
    <property name="env.SESSIONNAME" value="Console"/>
    <property name="java.specification.vendor" value="Sun Microsystems Inc."/>
    <property name="env.RoxioCentral" value="C:\Program Files\Common Files\Roxio Shared\9.0\Roxio Central33\"/>
    <property name="env.CLASSPATH" value=".;C:\Program Files\Java\jre1.6.0\lib\ext\QTJava.zip"/>
    <property name="apple.laf.useScreenMenuBar" value="true"/>
    <property name="org.xml.sax.driver" value="com.sun.org.apache.xerces.internal.jaxp.SAXParserImpl$JAXPSAXParser"/>
    <property name="env.NUMBER_OF_PROCESSORS" value="2"/>
    <property name="java.library.path" value="C:\Program Files\Java\jdk1.6.0_10\jre\bin;.;C:\Windows\Sun\Java\bin;C:\Windows\system32;C:\Windows;C:\Windows\system32;C:\Windows;C:\Windows\System32\Wbem;C:\Program Files\Common Files\Roxio Shared\DLLShared\;C:\Program Files\Common Files\Roxio Shared\DLLShared\;C:\Program Files\Common Files\Roxio Shared\9.0\DLLShared\;C:\Program Files\QuickTime\QTSystem\;C:\Program Files\Subversion\bin;C:\Program Files\Java\jdk1.6.0_10\bin;C:\Users\intesar\maven\bin;"/>
    <property name="java.vendor.url" value="http://java.sun.com/"/>
    <property name="env.SVN_EDITOR" value="C:\Windows\notepad.exe"/>
    <property name="java.vm.vendor" value="Sun Microsystems Inc."/>
    <property name="java.runtime.name" value="Java(TM) SE Runtime Environment"/>
    <property name="java.class.path" value="C:\Program Files\NetBeans 6.1\platform8\lib\boot.jar;C:\Program Files\NetBeans 6.1\platform8\lib\org-openide-modules.jar;C:\Program Files\NetBeans 6.1\platform8\lib\org-openide-util.jar;C:\Program Files\NetBeans 6.1\platform8\lib\locale\boot_ja.jar;C:\Program Files\NetBeans 6.1\platform8\lib\locale\boot_pt_BR.jar;C:\Program Files\NetBeans 6.1\platform8\lib\locale\boot_zh_CN.jar;C:\Program Files\NetBeans 6.1\platform8\lib\locale\org-openide-modules_ja.jar;C:\Program Files\NetBeans 6.1\platform8\lib\locale\org-openide-modules_pt_BR.jar;C:\Program Files\NetBeans 6.1\platform8\lib\locale\org-openide-modules_zh_CN.jar;C:\Program Files\NetBeans 6.1\platform8\lib\locale\org-openide-util_ja.jar;C:\Program Files\NetBeans 6.1\platform8\lib\locale\org-openide-util_pt_BR.jar;C:\Program Files\NetBeans 6.1\platform8\lib\locale\org-openide-util_zh_CN.jar;C:\Program Files\Java\jdk1.6.0_10\lib\dt.jar;C:\Program Files\Java\jdk1.6.0_10\lib\tools.jar"/>
    <property name="sun.java2d.noddraw" value="true"/>
    <property name="java.vm.specification.name" value="Java Virtual Machine Specification"/>
    <property name="jdk.home" value="C:\Program Files\Java\jdk1.6.0_10"/>
    <property name="env.windir" value="C:\Windows"/>
    <property name="env.LOGONSERVER" value="\\INTESAR-PC"/>
    <property name="org.openide.specification.version" value="6.2"/>
    <property name="java.vm.specification.version" value="1.0"/>
    <property name="env.PROCESSOR_ARCHITECTURE" value="x86"/>
    <property name="org.netbeans.core.startup.specialResource" value="nullcom.sun.jdo.api.persistence.mapping.ejb"/>
    <property name="sun.os.patch.level" value="Service Pack 1"/>
    <property name="sun.cpu.endian" value="little"/>
    <property name="env.ProgramFiles" value="C:\Program Files"/>
    <property name="surefire.test.class.path" value="C:\Users\intesar\Documents\NetBeansProjects\pro\MailSender\target\test-classes;C:\Users\intesar\Documents\NetBeansProjects\pro\MailSender\target\classes;C:\Users\intesar\.m2\repository\junit\junit\4.4\junit-4.4.jar;C:\Users\intesar\.m2\repository\javax\mail\mail\1.4.1\mail-1.4.1.jar;C:\Users\intesar\.m2\repository\javax\activation\activation\1.1\activation-1.1.jar;C:\Users\intesar\.m2\repository\log4j\log4j\1.2.15\log4j-1.2.15.jar;C:\Users\intesar\.m2\repository\org\springframework\spring\2.5\spring-2.5.jar;C:\Users\intesar\.m2\repository\commons-logging\commons-logging\1.1\commons-logging-1.1.jar;C:\Users\intesar\.m2\repository\org\springframework\spring-test\2.5\spring-test-2.5.jar;"/>
    <property name="java.io.tmpdir" value="C:\Users\intesar\AppData\Local\Temp\"/>
    <property name="env.PROCESSOR_REVISION" value="0f0a"/>
    <property name="java.vendor.url.bug" value="http://java.sun.com/cgi-bin/bugreport.cgi"/>
    <property name="env.SystemRoot" value="C:\Windows"/>
    <property name="java.awt.graphicsenv" value="sun.awt.Win32GraphicsEnvironment"/>
    <property name="os.arch" value="x86"/>
    <property name="java.ext.dirs" value="C:\Program Files\Java\jdk1.6.0_10\jre\lib\ext;C:\Windows\Sun\Java\lib\ext"/>
    <property name="env.tvdumpflags" value="8"/>
    <property name="user.dir" value="C:\Users\intesar\Documents\NetBeansProjects\pro\MailSender"/>
    <property name="env.LOCALAPPDATA" value="C:\Users\intesar\AppData\Local"/>
    <property name="line.separator" value="
"/>
    <property name="java.vm.name" value="Java HotSpot(TM) Client VM"/>
    <property name="env.PATHEXT" value=".COM;.EXE;.BAT;.CMD;.VBS;.VBE;.JS;.JSE;.WSF;.WSH;.MSC"/>
    <property name="env.Path" value="C:\Windows\system32;C:\Windows;C:\Windows\System32\Wbem;C:\Program Files\Common Files\Roxio Shared\DLLShared\;C:\Program Files\Common Files\Roxio Shared\DLLShared\;C:\Program Files\Common Files\Roxio Shared\9.0\DLLShared\;C:\Program Files\QuickTime\QTSystem\;C:\Program Files\Subversion\bin;C:\Program Files\Java\jdk1.6.0_10\bin;C:\Users\intesar\maven\bin;"/>
    <property name="org.netbeans.modules.tomcat.autoregister.catalinaHome" value="C:\Program Files\Apache Software Foundation\Apache Tomcat 6.0.16"/>
    <property name="basedir" value="C:\Users\intesar\Documents\NetBeansProjects\pro\MailSender"/>
    <property name="maven.mode.standalone" value="true"/>
    <property name="env.USERNAME" value="intesar"/>
    <property name="env.SystemDrive" value="C:"/>
    <property name="file.encoding" value="Cp1252"/>
    <property name="netbeans.execution" value="true"/>
    <property name="netbeans.system_http_non_proxy_hosts" value=""/>
    <property name="env.USERDOMAIN" value="intesar-PC"/>
    <property name="java.specification.version" value="1.6"/>
    <property name="env.MVN_HOME" value="C:\Users\intesar\maven"/>
    <property name="env.PROCESSOR_LEVEL" value="6"/>
  </properties>
  <testcase time="5.368" classname="com.bizintelapps.mail.EmailServiceTest" name="testSendEmail"/>
  <testcase time="5.004" classname="com.bizintelapps.mail.EmailServiceTest" name="testSendEmail1"/>
</testsuite>